2025-09-29 11:59:59,163 INFO o.a.j.u.JMeterUtils: Setting Locale to en_EN
2025-09-29 11:59:59,219 INFO o.a.j.JMeter: Loading user properties from: user.properties
2025-09-29 11:59:59,220 INFO o.a.j.JMeter: Loading system properties from: system.properties
2025-09-29 11:59:59,226 INFO o.a.j.JMeter: Copyright (c) 1998-2024 The Apache Software Foundation
2025-09-29 11:59:59,226 INFO o.a.j.JMeter: Version 5.6.3
2025-09-29 11:59:59,226 INFO o.a.j.JMeter: java.version=25
2025-09-29 11:59:59,226 INFO o.a.j.JMeter: java.vm.name=Java HotSpot(TM) 64-Bit Server VM
2025-09-29 11:59:59,226 INFO o.a.j.JMeter: os.name=Windows 11
2025-09-29 11:59:59,226 INFO o.a.j.JMeter: os.arch=amd64
2025-09-29 11:59:59,226 INFO o.a.j.JMeter: os.version=10.0
2025-09-29 11:59:59,226 INFO o.a.j.JMeter: file.encoding=UTF-8
2025-09-29 11:59:59,226 INFO o.a.j.JMeter: java.awt.headless=null
2025-09-29 11:59:59,226 INFO o.a.j.JMeter: Max memory     =1073741824
2025-09-29 11:59:59,226 INFO o.a.j.JMeter: Available Processors =12
2025-09-29 11:59:59,242 INFO o.a.j.JMeter: Default Locale=English (EN)
2025-09-29 11:59:59,243 INFO o.a.j.JMeter: JMeter  Locale=English (EN)
2025-09-29 11:59:59,243 INFO o.a.j.JMeter: JMeterHome=C:\Users\fredw\Desktop\mvc-usuarios-react\apache-jmeter-5.6.3
2025-09-29 11:59:59,243 INFO o.a.j.JMeter: user.dir  =C:\Users\fredw\Desktop\mvc-usuarios-react\apache-jmeter-5.6.3\bin
2025-09-29 11:59:59,243 INFO o.a.j.JMeter: PWD       =C:\Users\fredw\Desktop\mvc-usuarios-react\apache-jmeter-5.6.3\bin
2025-09-29 11:59:59,245 INFO o.a.j.JMeter: IP: 192.168.100.30 Name: FredWard87 FullName: FredWard87
2025-09-29 11:59:59,252 INFO o.a.j.JMeter: Loaded icon properties from org/apache/jmeter/images/icon.properties
2025-09-29 11:59:59,455 INFO o.a.j.JMeterGuiLauncher: Setting LAF to: com.github.weisj.darklaf.DarkLaf:com.github.weisj.darklaf.theme.DarculaTheme
2025-09-29 12:00:14,571 INFO o.a.j.p.h.s.HTTPSamplerBase: Parser for text/html is org.apache.jmeter.protocol.http.parser.LagartoBasedHtmlParser
2025-09-29 12:00:14,571 INFO o.a.j.p.h.s.HTTPSamplerBase: Parser for application/xhtml+xml is org.apache.jmeter.protocol.http.parser.LagartoBasedHtmlParser
2025-09-29 12:00:14,571 INFO o.a.j.p.h.s.HTTPSamplerBase: Parser for application/xml is org.apache.jmeter.protocol.http.parser.LagartoBasedHtmlParser
2025-09-29 12:00:14,571 INFO o.a.j.p.h.s.HTTPSamplerBase: Parser for text/xml is org.apache.jmeter.protocol.http.parser.LagartoBasedHtmlParser
2025-09-29 12:00:14,571 INFO o.a.j.p.h.s.HTTPSamplerBase: Parser for text/vnd.wap.wml is org.apache.jmeter.protocol.http.parser.RegexpHTMLParser
2025-09-29 12:00:14,571 INFO o.a.j.p.h.s.HTTPSamplerBase: Parser for text/css is org.apache.jmeter.protocol.http.parser.CssParser
